<?xml version="1.0" encoding="UTF-8"?>
<!-- Generated by org.testng.reporters.JUnitReportReporter -->
<testsuite hostname="Manjiri" failures="0" tests="1" name="day06.BrowserTest" time="11.821" errors="0" timestamp="2023-02-14T14:29:37 CST" skipped="0">
  <testcase classname="day06.BrowserTest" name="setup" time="11.821"/>
  <system-out/>
</testsuite> <!-- day06.BrowserTest -->
