<?xml version="1.0" encoding="UTF-8"?>
<!-- Generated by org.testng.reporters.JUnitReportReporter -->
<testsuite hostname="Manjiri" failures="0" tests="1" name="day07.xpath" time="22.494" errors="0" timestamp="2023-02-13T09:32:33 CST" skipped="0">
  <testcase classname="day07.xpath" name="setup" time="22.494"/>
  <system-out/>
</testsuite> <!-- day07.xpath -->
